d:\02. kpu\00.project\framedirectx12\engine\default\x64\release\vc141.pdb
d:\02. kpu\00.project\framedirectx12\engine\default\x64\release\timer.obj
d:\02. kpu\00.project\framedirectx12\engine\default\x64\release\timemgr.obj
d:\02. kpu\00.project\framedirectx12\engine\default\x64\release\framemgr.obj
d:\02. kpu\00.project\framedirectx12\engine\default\x64\release\frame.obj
d:\02. kpu\00.project\framedirectx12\engine\default\x64\release\directsound.obj
d:\02. kpu\00.project\framedirectx12\engine\default\x64\release\directinput.obj
d:\02. kpu\00.project\framedirectx12\engine\release\engine.lib
d:\02. kpu\00.project\framedirectx12\engine\release\engine.exp
d:\02. kpu\00.project\framedirectx12\engine\release\engine.ipdb
d:\02. kpu\00.project\framedirectx12\engine\release\engine.iobj
d:\02. kpu\00.project\framedirectx12\engine\release\engine.dll
d:\02. kpu\00.project\framedirectx12\engine\release\engine.pdb
d:\02. kpu\00.project\framedirectx12\engine\default\../release\engine.dll
d:\02. kpu\00.project\framedirectx12\engine\default\x64\release\engine.tlog\cl.command.1.tlog
d:\02. kpu\00.project\framedirectx12\engine\default\x64\release\engine.tlog\cl.read.1.tlog
d:\02. kpu\00.project\framedirectx12\engine\default\x64\release\engine.tlog\cl.write.1.tlog
d:\02. kpu\00.project\framedirectx12\engine\default\x64\release\engine.tlog\engine.write.1u.tlog
d:\02. kpu\00.project\framedirectx12\engine\default\x64\release\engine.tlog\link.command.1.tlog
d:\02. kpu\00.project\framedirectx12\engine\default\x64\release\engine.tlog\link.read.1.tlog
d:\02. kpu\00.project\framedirectx12\engine\default\x64\release\engine.tlog\link.write.1.tlog
