d:\02. kpu\00.project\framedirectx12\client\default\x64\debug\client.pch
d:\02. kpu\00.project\framedirectx12\client\default\x64\debug\vc141.pdb
d:\02. kpu\00.project\framedirectx12\client\default\x64\debug\vc141.idb
d:\02. kpu\00.project\framedirectx12\client\default\x64\debug\stdafx.obj
d:\02. kpu\00.project\framedirectx12\client\default\x64\debug\client.obj
d:\02. kpu\00.project\framedirectx12\client\default\x64\debug\mainapp.obj
d:\02. kpu\00.project\framedirectx12\client\bin\client.lib
d:\02. kpu\00.project\framedirectx12\client\bin\client.exp
d:\02. kpu\00.project\framedirectx12\client\bin\client.exe
d:\02. kpu\00.project\framedirectx12\client\bin\client.ilk
d:\02. kpu\00.project\framedirectx12\client\bin\client.pdb
d:\02. kpu\00.project\framedirectx12\client\default\x64\debug\client.res
d:\02. kpu\00.project\framedirectx12\client\default\../bin\client.exe
d:\02. kpu\00.project\framedirectx12\client\default\x64\debug\client.tlog\cl.command.1.tlog
d:\02. kpu\00.project\framedirectx12\client\default\x64\debug\client.tlog\cl.read.1.tlog
d:\02. kpu\00.project\framedirectx12\client\default\x64\debug\client.tlog\cl.write.1.tlog
d:\02. kpu\00.project\framedirectx12\client\default\x64\debug\client.tlog\client.write.1u.tlog
d:\02. kpu\00.project\framedirectx12\client\default\x64\debug\client.tlog\link.command.1.tlog
d:\02. kpu\00.project\framedirectx12\client\default\x64\debug\client.tlog\link.read.1.tlog
d:\02. kpu\00.project\framedirectx12\client\default\x64\debug\client.tlog\link.write.1.tlog
d:\02. kpu\00.project\framedirectx12\client\default\x64\debug\client.tlog\rc.command.1.tlog
d:\02. kpu\00.project\framedirectx12\client\default\x64\debug\client.tlog\rc.read.1.tlog
d:\02. kpu\00.project\framedirectx12\client\default\x64\debug\client.tlog\rc.write.1.tlog
