d:\02. kpu\00.project\framedirectx12\engine\default\x64\debug\vc141.pdb
d:\02. kpu\00.project\framedirectx12\engine\default\x64\debug\vc141.idb
d:\02. kpu\00.project\framedirectx12\engine\default\x64\debug\timer.obj
d:\02. kpu\00.project\framedirectx12\engine\default\x64\debug\timemgr.obj
d:\02. kpu\00.project\framedirectx12\engine\default\x64\debug\framemgr.obj
d:\02. kpu\00.project\framedirectx12\engine\default\x64\debug\frame.obj
d:\02. kpu\00.project\framedirectx12\engine\default\x64\debug\directsound.obj
d:\02. kpu\00.project\framedirectx12\engine\default\x64\debug\directinput.obj
d:\02. kpu\00.project\framedirectx12\engine\bin\engine.lib
d:\02. kpu\00.project\framedirectx12\engine\bin\engine.exp
d:\02. kpu\00.project\framedirectx12\engine\bin\engine.ilk
d:\02. kpu\00.project\framedirectx12\engine\bin\engine.dll
d:\02. kpu\00.project\framedirectx12\engine\bin\engine.pdb
d:\02. kpu\00.project\framedirectx12\engine\default\../bin\engine.dll
d:\02. kpu\00.project\framedirectx12\engine\default\x64\debug\engine.tlog\cl.command.1.tlog
d:\02. kpu\00.project\framedirectx12\engine\default\x64\debug\engine.tlog\cl.read.1.tlog
d:\02. kpu\00.project\framedirectx12\engine\default\x64\debug\engine.tlog\cl.write.1.tlog
d:\02. kpu\00.project\framedirectx12\engine\default\x64\debug\engine.tlog\engine.write.1u.tlog
d:\02. kpu\00.project\framedirectx12\engine\default\x64\debug\engine.tlog\link.command.1.tlog
d:\02. kpu\00.project\framedirectx12\engine\default\x64\debug\engine.tlog\link.read.1.tlog
d:\02. kpu\00.project\framedirectx12\engine\default\x64\debug\engine.tlog\link.write.1.tlog
